{"0":"34554","1":"23453","level":"info","message":"","timestamp":"2013-05-16T22:51:10.754Z"}
{"0":"34554","1":"23453","level":"info","message":"","timestamp":"2013-05-16T22:55:06.423Z"}
{"0":"34554","1":"23453","level":"info","message":"","timestamp":"2013-05-16T22:56:02.742Z"}
{"0":"34554","1":"23453","2":"476712","level":"info","message":"","timestamp":"2013-05-16T22:57:08.285Z"}
{"0":"476712","1":"34554","2":"23453","level":"info","message":"","timestamp":"2013-05-16T22:59:34.571Z"}
{"level":"info","message":"","timestamp":"2013-05-16T22:59:34.573Z"}
{"0":"476712","1":"34554","2":"23453","level":"info","message":"","timestamp":"2013-05-16T23:01:24.499Z"}
{"23453":"Theory of Relativity","34554":"Albert Einstein","476712":"Physics","level":"info","message":"","timestamp":"2013-05-16T23:01:24.501Z"}
{"0":"45747","1":"100191","level":"info","message":"","timestamp":"2013-05-16T23:02:44.875Z"}
{"45747":"Special Relativity","100191":"Minkowski matrix","level":"info","message":"","timestamp":"2013-05-16T23:02:44.875Z"}
{"0":"34554","1":"23453","2":"19472","3":"476712","level":"info","message":"","timestamp":"2013-05-16T23:03:43.668Z"}
{"0":"34554","1":"23453","2":"19472","3":"476712","4":"13856","level":"info","message":"","timestamp":"2013-05-16T23:03:52.610Z"}
{"0":"34554","1":"23453","level":"info","message":"","timestamp":"2013-05-16T23:07:55.281Z"}
{"0":"13856","level":"info","message":"","timestamp":"2013-05-16T23:08:00.365Z"}
{"0":"23453","1":"476712","2":"19472","level":"info","message":"","timestamp":"2013-05-16T23:08:09.323Z"}
{"0":"194729","level":"info","message":"","timestamp":"2013-05-16T23:08:15.694Z"}
{"level":"info","message":"","timestamp":"2013-05-17T06:54:12.982Z"}
{"level":"info","message":"","timestamp":"2013-05-17T06:54:58.140Z"}
{"level":"error","message":"","timestamp":"2013-05-17T06:54:58.141Z"}
{"level":"info","message":"","timestamp":"2013-05-17T06:55:43.253Z"}
{"level":"error","message":"","timestamp":"2013-05-17T06:55:43.254Z"}
{"level":"info","message":"NaN","timestamp":"2013-05-17T07:00:24.492Z"}
{"level":"info","message":"","timestamp":"2013-05-17T07:00:53.899Z"}
{"level":"info","message":"3","timestamp":"2013-05-17T07:03:50.252Z"}
{"level":"info","message":"3","timestamp":"2013-05-17T07:04:50.189Z"}
{"level":"info","message":"3","timestamp":"2013-05-17T07:05:20.150Z"}
{"level":"info","message":"3","timestamp":"2013-05-17T07:05:29.937Z"}
{"query":"aksfk f","contextKeywords":"23453:Theory of Relativity,34554:Albert Einstein","level":"info","message":"","timestamp":"2013-05-17T07:05:29.938Z"}
{"level":"error","message":"","timestamp":"2013-05-17T07:05:29.938Z"}
{"level":"info","message":"3","timestamp":"2013-05-17T07:05:41.905Z"}
{"query":"aksfk f","contextKeywords":"23453:Theory of Relativity,34554:Albert Einstein","level":"info","message":"","timestamp":"2013-05-17T07:05:41.907Z"}
{"level":"error","message":"","timestamp":"2013-05-17T07:05:41.907Z"}
{"level":"info","message":"3","timestamp":"2013-05-17T07:09:11.657Z"}
{"11":{"query":"aksfk f","contextKeywords":"23453:Theory of Relativity,34554:Albert Einstein"},"21":{"query":"aksfk f","contextKeywords":"19472:General Theory of Relativity,476712:Physics"},"01":{"query":"aksfk f"},"level":"info","message":"","timestamp":"2013-05-17T07:10:31.392Z"}
{"11":{"query":"aksfk f","keywords":["Theory of Relativity","Albert Einstein"]},"21":{"query":"aksfk f","keywords":["General Theory of Relativity","Physics"]},"01":{"query":"aksfk f","keywords":[]},"level":"info","message":"","timestamp":"2013-05-17T07:16:37.289Z"}
{"11":{"query":"kasdf af","keywords":["Theory of Relativity","Albert Einstein"]},"21":{"query":"kasdf af","keywords":["Minkowski matrix","Dark Matter"]},"01":{"query":"kasdf%20af","keywords":[null,"Physics","Theory","Relativity"]},"level":"info","message":"","timestamp":"2013-05-17T07:17:57.782Z"}
{"11":{"query":"kasdf af","keywords":["Theory of Relativity","Albert Einstein"]},"21":{"query":"kasdf af","keywords":["Minkowski matrix","Dark Matter"]},"01":{"query":"kasdf%20af","keywords":[null,"Physics","Theory","Relativity"]},"level":"info","message":"","timestamp":"2013-05-17T07:20:11.085Z"}
{"1":{"query":"kasdf%20af","keywords":[null,"Physics","Theory","Relativity"]},"2":{"query":"kasdf af","keywords":["Theory of Relativity","Albert Einstein"]},"3":{"query":"kasdf af","keywords":["Minkowski matrix","Dark Matter"]},"level":"info","message":"","timestamp":"2013-05-17T07:21:00.535Z"}
{"1":{"query":"kasdf%20af","keywords":[null,"Physics","Theory","Relativity"]},"2":{"query":"kasdf af","keywords":["Theory of Relativity","Albert Einstein"]},"3":{"query":"kasdf af","keywords":["Minkowski matrix","Dark Matter"]},"level":"info","message":"","timestamp":"2013-05-17T07:21:16.376Z"}
{"1":{"query":"kasdf%20af","keywords":[null,"Physics","Theory","Relativity"]},"2":{"query":"kasdf af","keywords":["Theory of Relativity","Albert Einstein"]},"3":{"query":"kasdf af","keywords":["Minkowski matrix","Dark Matter"]},"level":"info","message":"","timestamp":"2013-05-17T07:21:17.051Z"}
{"1":{"query":"kasdf%20af","keywords":[null,"Physics","Theory","Relativity"]},"2":{"query":"kasdf af","keywords":["Theory of Relativity","Albert Einstein"]},"3":{"query":"kasdf af","keywords":["Minkowski matrix","Dark Matter"]},"level":"info","message":"","timestamp":"2013-05-17T07:21:18.961Z"}
{"1":{"query":"kasdf%20af","keywords":[null,"Physics","Theory","Relativity"]},"2":{"query":"kasdf af","keywords":["Theory of Relativity","Albert Einstein"]},"3":{"query":"kasdf af","keywords":["Minkowski matrix","Dark Matter"]},"level":"info","message":"","timestamp":"2013-05-17T07:21:20.639Z"}
{"1":{"query":"kasdf%20af","keywords":[null,"Physics","Theory","Relativity"]},"2":{"query":"kasdf af","keywords":["Theory of Relativity","Albert Einstein"]},"3":{"query":"kasdf af","keywords":["Minkowski matrix","Dark Matter"]},"level":"info","message":"","timestamp":"2013-05-17T07:21:24.234Z"}
{"1":{"query":"kasdf%20af","keywords":[null,"Physics","Theory","Relativity"]},"2":{"query":"kasdf af","keywords":["Theory of Relativity","Albert Einstein"]},"3":{"query":"kasdf af","keywords":["Minkowski matrix","Dark Matter"]},"level":"info","message":"","timestamp":"2013-05-17T07:21:25.118Z"}
{"1":{"query":"kasdf%20af","keywords":[null,"Physics","Theory","Relativity"]},"2":{"query":"kasdf af","keywords":["Theory of Relativity","Albert Einstein"]},"3":{"query":"kasdf af","keywords":["Minkowski matrix","Dark Matter"]},"level":"info","message":"","timestamp":"2013-05-17T07:21:27.950Z"}
{"1":{"query":"kasdf%20af","keywords":[null,"Physics","Theory","Relativity"]},"2":{"query":"kasdf af","keywords":["Theory of Relativity","Albert Einstein"]},"3":{"query":"kasdf af","keywords":["Minkowski matrix","Dark Matter"]},"level":"info","message":"","timestamp":"2013-05-17T07:21:34.450Z"}
{"1":{"query":"kasdf%20af","keywords":[null,"Physics","Theory","Relativity"]},"2":{"query":"kasdf af","keywords":["Theory of Relativity","Albert Einstein"]},"3":{"query":"kasdf af","keywords":["Minkowski matrix","Dark Matter"]},"level":"info","message":"","timestamp":"2013-05-17T07:21:35.660Z"}
{"1":{"query":"kasdf%20af","keywords":[null,"Physics","Theory","Relativity"]},"2":{"query":"kasdf af","keywords":["Theory of Relativity","Albert Einstein"]},"3":{"query":"kasdf af","keywords":["Minkowski matrix","Dark Matter"]},"level":"info","message":"","timestamp":"2013-05-17T07:21:36.250Z"}
{"1":{"query":"kasdf%20af","keywords":[null,"Physics","Theory","Relativity"]},"2":{"query":"kasdf af","keywords":["Theory of Relativity","Albert Einstein"]},"3":{"query":"kasdf af","keywords":["Minkowski matrix","Dark Matter"]},"level":"info","message":"","timestamp":"2013-05-17T07:23:01.280Z"}
{"1":{"query":"kasdf%20af","keywords":[null,"Physics","Theory","Relativity"]},"2":{"query":"kasdf af","keywords":["Theory of Relativity","Albert Einstein"]},"3":{"query":"kasdf af","keywords":["Minkowski matrix","Dark Matter"]},"level":"info","message":"","timestamp":"2013-05-17T07:24:16.423Z"}
{"1":{"query":"kasdf%20af","keywords":[null,"Physics","Theory","Relativity"]},"2":{"query":"kasdf af","keywords":["Theory of Relativity","Albert Einstein"]},"3":{"query":"kasdf af","keywords":["Minkowski matrix","Dark Matter"]},"level":"info","message":"","timestamp":"2013-05-17T07:24:17.683Z"}
{"1":{"query":"kasdf%20af","keywords":[null,"Physics","Theory","Relativity"]},"2":{"query":"kasdf af","keywords":["Theory of Relativity","Albert Einstein"]},"3":{"query":"kasdf af","keywords":["Minkowski matrix","Dark Matter"]},"level":"info","message":"","timestamp":"2013-05-17T07:24:18.361Z"}
{"1":{"query":"kasdf%20af","keywords":[null,"Physics","Theory","Relativity"]},"2":{"query":"kasdf af","keywords":["Theory of Relativity","Albert Einstein"]},"3":{"query":"kasdf af","keywords":["Minkowski matrix","Dark Matter"]},"level":"info","message":"","timestamp":"2013-05-17T07:24:19.162Z"}
{"1":{"query":"kasdf%20af","keywords":[null,"Physics","Theory","Relativity"]},"2":{"query":"kasdf af","keywords":["Theory of Relativity","Albert Einstein"]},"3":{"query":"kasdf af","keywords":["Minkowski matrix","Dark Matter"]},"level":"info","message":"","timestamp":"2013-05-17T07:24:19.643Z"}
{"1":{"query":"kasdf%20af","keywords":[null,"Physics","Theory","Relativity"]},"2":{"query":"kasdf af","keywords":["Theory of Relativity","Albert Einstein"]},"3":{"query":"kasdf af","keywords":["Minkowski matrix","Dark Matter"]},"4":{"query":"kasdf af","keywords":["General Theory of Relativity","Special Relativity"]},"level":"info","message":"","timestamp":"2013-05-17T07:24:31.580Z"}
{"1":{"query":"kasdf%20af","keywords":[null,"Physics","Theory","Relativity"]},"2":{"query":"kasdf af","keywords":["Theory of Relativity","Albert Einstein"]},"3":{"query":"kasdf af","keywords":["Minkowski matrix","Dark Matter"]},"4":{"query":"kasdf af","keywords":["General Theory of Relativity","Special Relativity"]},"level":"info","message":"","timestamp":"2013-05-17T07:24:34.454Z"}
{"1":{"query":"kasdf%20af","keywords":[null,"Physics","Theory","Relativity"]},"2":{"query":"kasdf af","keywords":["Theory of Relativity","Albert Einstein"]},"3":{"query":"kasdf af","keywords":["Minkowski matrix","Dark Matter"]},"4":{"query":"kasdf af","keywords":["General Theory of Relativity","Special Relativity"]},"5":{"query":"kasdf af","keywords":["Special Relativity","Minkowski matrix"]},"level":"info","message":"","timestamp":"2013-05-17T07:24:45.549Z"}
